<?xml version="1.0" encoding="UTF-8"?>
<testsuite xmlns:xsi="http://www.w3.org/2001/XMLSchema-instance" xsi:noNamespaceSchemaLocation="https://maven.apache.org/surefire/maven-surefire-plugin/xsd/surefire-test-report-3.0.xsd" version="3.0" name="ie.gmit.UserTest" time="0.024" tests="18" errors="0" skipped="0" failures="0">
  <properties>
    <property name="sun.desktop" value="windows"/>
    <property name="awt.toolkit" value="sun.awt.windows.WToolkit"/>
    <property name="file.encoding.pkg" value="sun.io"/>
    <property name="java.specification.version" value="1.8"/>
    <property name="sun.cpu.isalist" value="amd64"/>
    <property name="sun.jnu.encoding" value="Cp1252"/>
    <property name="java.class.path" value="C:\Users\mohot\OneDrive - GMIT\Year 4\Software Engineering with test\Job Matching System\target\test-classes;C:\Users\mohot\OneDrive - GMIT\Year 4\Software Engineering with test\Job Matching System\target\classes;C:\Users\mohot\.m2\repository\org\junit\jupiter\junit-jupiter-api\5.4.2\junit-jupiter-api-5.4.2.jar;C:\Users\mohot\.m2\repository\org\apiguardian\apiguardian-api\1.0.0\apiguardian-api-1.0.0.jar;C:\Users\mohot\.m2\repository\org\opentest4j\opentest4j\1.1.1\opentest4j-1.1.1.jar;C:\Users\mohot\.m2\repository\org\junit\platform\junit-platform-commons\1.4.2\junit-platform-commons-1.4.2.jar;C:\Users\mohot\.m2\repository\org\junit\jupiter\junit-jupiter-engine\5.4.2\junit-jupiter-engine-5.4.2.jar;C:\Users\mohot\.m2\repository\org\junit\platform\junit-platform-engine\1.4.2\junit-platform-engine-1.4.2.jar;"/>
    <property name="java.vm.vendor" value="Amazon.com Inc."/>
    <property name="sun.arch.data.model" value="64"/>
    <property name="user.variant" value=""/>
    <property name="java.vendor.url" value="https://aws.amazon.com/corretto/"/>
    <property name="user.timezone" value="Europe/London"/>
    <property name="java.vm.specification.version" value="1.8"/>
    <property name="os.name" value="Windows 10"/>
    <property name="user.country" value="IE"/>
    <property name="sun.java.launcher" value="SUN_STANDARD"/>
    <property name="sun.boot.library.path" value="C:\Users\mohot\.jdks\corretto-1.8.0_282\jre\bin"/>
    <property name="sun.java.command" value="C:\Users\mohot\AppData\Local\Temp\surefire5614501966517818229\surefirebooter1657527526100013174.jar C:\Users\mohot\AppData\Local\Temp\surefire5614501966517818229 2021-03-29T16-24-39_187-jvmRun1 surefire6217403776674796959tmp surefire_07546796172798713171tmp"/>
    <property name="surefire.test.class.path" value="C:\Users\mohot\OneDrive - GMIT\Year 4\Software Engineering with test\Job Matching System\target\test-classes;C:\Users\mohot\OneDrive - GMIT\Year 4\Software Engineering with test\Job Matching System\target\classes;C:\Users\mohot\.m2\repository\org\junit\jupiter\junit-jupiter-api\5.4.2\junit-jupiter-api-5.4.2.jar;C:\Users\mohot\.m2\repository\org\apiguardian\apiguardian-api\1.0.0\apiguardian-api-1.0.0.jar;C:\Users\mohot\.m2\repository\org\opentest4j\opentest4j\1.1.1\opentest4j-1.1.1.jar;C:\Users\mohot\.m2\repository\org\junit\platform\junit-platform-commons\1.4.2\junit-platform-commons-1.4.2.jar;C:\Users\mohot\.m2\repository\org\junit\jupiter\junit-jupiter-engine\5.4.2\junit-jupiter-engine-5.4.2.jar;C:\Users\mohot\.m2\repository\org\junit\platform\junit-platform-engine\1.4.2\junit-platform-engine-1.4.2.jar;"/>
    <property name="sun.cpu.endian" value="little"/>
    <property name="user.home" value="C:\Users\mohot"/>
    <property name="user.language" value="en"/>
    <property name="java.specification.vendor" value="Oracle Corporation"/>
    <property name="java.home" value="C:\Users\mohot\.jdks\corretto-1.8.0_282\jre"/>
    <property name="basedir" value="C:\Users\mohot\OneDrive - GMIT\Year 4\Software Engineering with test\Job Matching System"/>
    <property name="file.separator" value="\"/>
    <property name="line.separator" value="&#10;"/>
    <property name="java.vm.specification.vendor" value="Oracle Corporation"/>
    <property name="java.specification.name" value="Java Platform API Specification"/>
    <property name="java.awt.graphicsenv" value="sun.awt.Win32GraphicsEnvironment"/>
    <property name="surefire.real.class.path" value="C:\Users\mohot\AppData\Local\Temp\surefire5614501966517818229\surefirebooter1657527526100013174.jar;C:\\Users\\mohot\\.m2\\repository\\org\\jacoco\\org.jacoco.agent\\0.8.5\\org.jacoco.agent-0.8.5-runtime.jar"/>
    <property name="sun.boot.class.path" value="C:\Users\mohot\.jdks\corretto-1.8.0_282\jre\lib\resources.jar;C:\Users\mohot\.jdks\corretto-1.8.0_282\jre\lib\rt.jar;C:\Users\mohot\.jdks\corretto-1.8.0_282\jre\lib\sunrsasign.jar;C:\Users\mohot\.jdks\corretto-1.8.0_282\jre\lib\jsse.jar;C:\Users\mohot\.jdks\corretto-1.8.0_282\jre\lib\jce.jar;C:\Users\mohot\.jdks\corretto-1.8.0_282\jre\lib\charsets.jar;C:\Users\mohot\.jdks\corretto-1.8.0_282\jre\lib\jfr.jar;C:\Users\mohot\.jdks\corretto-1.8.0_282\jre\classes"/>
    <property name="user.script" value=""/>
    <property name="sun.management.compiler" value="HotSpot 64-Bit Tiered Compilers"/>
    <property name="java.runtime.version" value="1.8.0_282-b08"/>
    <property name="user.name" value="mohot"/>
    <property name="path.separator" value=";"/>
    <property name="os.version" value="10.0"/>
    <property name="java.endorsed.dirs" value="C:\Users\mohot\.jdks\corretto-1.8.0_282\jre\lib\endorsed"/>
    <property name="java.runtime.name" value="OpenJDK Runtime Environment"/>
    <property name="file.encoding" value="Cp1252"/>
    <property name="java.vm.name" value="OpenJDK 64-Bit Server VM"/>
    <property name="localRepository" value="C:\Users\mohot\.m2\repository"/>
    <property name="java.vendor.url.bug" value="https://github.com/corretto/corretto-8/issues/"/>
    <property name="java.io.tmpdir" value="C:\Users\mohot\AppData\Local\Temp\"/>
    <property name="idea.version" value="2020.3.2"/>
    <property name="java.version" value="1.8.0_282"/>
    <property name="user.dir" value="C:\Users\mohot\OneDrive - GMIT\Year 4\Software Engineering with test\Job Matching System"/>
    <property name="os.arch" value="amd64"/>
    <property name="java.vm.specification.name" value="Java Virtual Machine Specification"/>
    <property name="java.awt.printerjob" value="sun.awt.windows.WPrinterJob"/>
    <property name="sun.os.patch.level" value=""/>
    <property name="java.library.path" value="C:\Users\mohot\.jdks\corretto-1.8.0_282\jre\bin;C:\Windows\Sun\Java\bin;C:\Windows\system32;C:\Windows;C:\Program Files (x86)\Common Files\Oracle\Java\javapath;C:\Windows\system32;C:\Windows;C:\Windows\System32\Wbem;C:\Windows\System32\WindowsPowerShell\v1.0\;C:\Windows\System32\OpenSSH\;C:\Program Files (x86)\NVIDIA Corporation\PhysX\Common;C:\Program Files\Git\cmd;C:\nodejs\installs\;C:\Program Files\PuTTY\;C:\Users\mohot\AppData\Local\Microsoft\WindowsApps;C:\Users\mohot\AppData\Local\GitHubDesktop\bin;C:\Users\mohot\AppData\Local\atom\bin;C:\Users\mohot\AppData\Roaming\npm;C:\Program Files\JetBrains\PyCharm 2020.3.3\bin;;."/>
    <property name="java.vm.info" value="mixed mode"/>
    <property name="java.vendor" value="Amazon.com Inc."/>
    <property name="java.vm.version" value="25.282-b08"/>
    <property name="java.ext.dirs" value="C:\Users\mohot\.jdks\corretto-1.8.0_282\jre\lib\ext;C:\Windows\Sun\Java\lib\ext"/>
    <property name="sun.io.unicode.encoding" value="UnicodeLittle"/>
    <property name="java.class.version" value="52.0"/>
  </properties>
  <testcase name="testUserTitlePassMr" classname="ie.gmit.UserTest" time="0.001"/>
  <testcase name="testUserPasswordFailName" classname="ie.gmit.UserTest" time="0.002"/>
  <testcase name="testUserTitlePassMrs" classname="ie.gmit.UserTest" time="0.001"/>
  <testcase name="testUserLocationFail" classname="ie.gmit.UserTest" time="0.001"/>
  <testcase name="testUserLocationPass" classname="ie.gmit.UserTest" time="0.001"/>
  <testcase name="testUserPhoneFail" classname="ie.gmit.UserTest" time="0.001"/>
  <testcase name="testUserPhonePass" classname="ie.gmit.UserTest" time="0.001"/>
  <testcase name="testUserPasswordPass" classname="ie.gmit.UserTest" time="0"/>
  <testcase name="testUserIdFail" classname="ie.gmit.UserTest" time="0"/>
  <testcase name="testUserIdPass" classname="ie.gmit.UserTest" time="0"/>
  <testcase name="testUserPasswordFailUnder8" classname="ie.gmit.UserTest" time="0.001"/>
  <testcase name="testUserNameFailOver22" classname="ie.gmit.UserTest" time="0.001"/>
  <testcase name="testUserNameFailUnder5" classname="ie.gmit.UserTest" time="0.001"/>
  <testcase name="testUserEmailFail" classname="ie.gmit.UserTest" time="0.001"/>
  <testcase name="testUserEmailPass" classname="ie.gmit.UserTest" time="0"/>
  <testcase name="testUserTitleFail" classname="ie.gmit.UserTest" time="0"/>
  <testcase name="testUserTitlePassMiss" classname="ie.gmit.UserTest" time="0"/>
  <testcase name="testUserNamePass" classname="ie.gmit.UserTest" time="0.001"/>
</testsuite>