<?xml version="1.0" encoding="UTF-8"?>
<testsuite xmlns:xsi="http://www.w3.org/2001/XMLSchema-instance" xsi:noNamespaceSchemaLocation="https://maven.apache.org/surefire/maven-surefire-plugin/xsd/surefire-test-report-3.0.xsd" version="3.0" name="ie.gmit.UserTest" time="0.028" tests="18" errors="0" skipped="0" failures="0">
  <properties>
    <property name="sun.desktop" value="windows"/>
    <property name="awt.toolkit" value="sun.awt.windows.WToolkit"/>
    <property name="file.encoding.pkg" value="sun.io"/>
    <property name="java.specification.version" value="1.8"/>
    <property name="sun.cpu.isalist" value="amd64"/>
    <property name="sun.jnu.encoding" value="Cp1252"/>
    <property name="java.class.path" value="C:\Users\rossm\OneDrive - GMIT\Year 4\Software Eng with Test\Lab-Code\Job-Matching-System\target\test-classes;C:\Users\rossm\OneDrive - GMIT\Year 4\Software Eng with Test\Lab-Code\Job-Matching-System\target\classes;C:\Users\rossm\.m2\repository\org\junit\jupiter\junit-jupiter-api\5.4.2\junit-jupiter-api-5.4.2.jar;C:\Users\rossm\.m2\repository\org\apiguardian\apiguardian-api\1.0.0\apiguardian-api-1.0.0.jar;C:\Users\rossm\.m2\repository\org\opentest4j\opentest4j\1.1.1\opentest4j-1.1.1.jar;C:\Users\rossm\.m2\repository\org\junit\platform\junit-platform-commons\1.4.2\junit-platform-commons-1.4.2.jar;C:\Users\rossm\.m2\repository\org\junit\jupiter\junit-jupiter-engine\5.4.2\junit-jupiter-engine-5.4.2.jar;C:\Users\rossm\.m2\repository\org\junit\platform\junit-platform-engine\1.4.2\junit-platform-engine-1.4.2.jar;"/>
    <property name="java.vm.vendor" value="Oracle Corporation"/>
    <property name="sun.arch.data.model" value="64"/>
    <property name="user.variant" value=""/>
    <property name="java.vendor.url" value="http://java.oracle.com/"/>
    <property name="user.timezone" value="Europe/London"/>
    <property name="java.vm.specification.version" value="1.8"/>
    <property name="os.name" value="Windows 10"/>
    <property name="user.country" value="IE"/>
    <property name="sun.java.launcher" value="SUN_STANDARD"/>
    <property name="sun.boot.library.path" value="C:\Program Files\Java\jdk1.8.0_281\jre\bin"/>
    <property name="sun.java.command" value="C:\Users\rossm\AppData\Local\Temp\surefire2317458983876367976\surefirebooter8448005525184848736.jar C:\Users\rossm\AppData\Local\Temp\surefire2317458983876367976 2021-03-31T19-51-19_773-jvmRun1 surefire1594514916968478584tmp surefire_04993582177144617360tmp"/>
    <property name="surefire.test.class.path" value="C:\Users\rossm\OneDrive - GMIT\Year 4\Software Eng with Test\Lab-Code\Job-Matching-System\target\test-classes;C:\Users\rossm\OneDrive - GMIT\Year 4\Software Eng with Test\Lab-Code\Job-Matching-System\target\classes;C:\Users\rossm\.m2\repository\org\junit\jupiter\junit-jupiter-api\5.4.2\junit-jupiter-api-5.4.2.jar;C:\Users\rossm\.m2\repository\org\apiguardian\apiguardian-api\1.0.0\apiguardian-api-1.0.0.jar;C:\Users\rossm\.m2\repository\org\opentest4j\opentest4j\1.1.1\opentest4j-1.1.1.jar;C:\Users\rossm\.m2\repository\org\junit\platform\junit-platform-commons\1.4.2\junit-platform-commons-1.4.2.jar;C:\Users\rossm\.m2\repository\org\junit\jupiter\junit-jupiter-engine\5.4.2\junit-jupiter-engine-5.4.2.jar;C:\Users\rossm\.m2\repository\org\junit\platform\junit-platform-engine\1.4.2\junit-platform-engine-1.4.2.jar;"/>
    <property name="sun.cpu.endian" value="little"/>
    <property name="user.home" value="C:\Users\rossm"/>
    <property name="user.language" value="en"/>
    <property name="java.specification.vendor" value="Oracle Corporation"/>
    <property name="java.home" value="C:\Program Files\Java\jdk1.8.0_281\jre"/>
    <property name="basedir" value="C:\Users\rossm\OneDrive - GMIT\Year 4\Software Eng with Test\Lab-Code\Job-Matching-System"/>
    <property name="file.separator" value="\"/>
    <property name="line.separator" value="&#10;"/>
    <property name="java.vm.specification.vendor" value="Oracle Corporation"/>
    <property name="java.specification.name" value="Java Platform API Specification"/>
    <property name="java.awt.graphicsenv" value="sun.awt.Win32GraphicsEnvironment"/>
    <property name="surefire.real.class.path" value="C:\Users\rossm\AppData\Local\Temp\surefire2317458983876367976\surefirebooter8448005525184848736.jar;C:\\Users\\rossm\\.m2\\repository\\org\\jacoco\\org.jacoco.agent\\0.8.5\\org.jacoco.agent-0.8.5-runtime.jar"/>
    <property name="sun.boot.class.path" value="C:\Program Files\Java\jdk1.8.0_281\jre\lib\resources.jar;C:\Program Files\Java\jdk1.8.0_281\jre\lib\rt.jar;C:\Program Files\Java\jdk1.8.0_281\jre\lib\sunrsasign.jar;C:\Program Files\Java\jdk1.8.0_281\jre\lib\jsse.jar;C:\Program Files\Java\jdk1.8.0_281\jre\lib\jce.jar;C:\Program Files\Java\jdk1.8.0_281\jre\lib\charsets.jar;C:\Program Files\Java\jdk1.8.0_281\jre\lib\jfr.jar;C:\Program Files\Java\jdk1.8.0_281\jre\classes"/>
    <property name="user.script" value=""/>
    <property name="sun.management.compiler" value="HotSpot 64-Bit Tiered Compilers"/>
    <property name="java.runtime.version" value="1.8.0_281-b09"/>
    <property name="user.name" value="rossm"/>
    <property name="path.separator" value=";"/>
    <property name="os.version" value="10.0"/>
    <property name="java.endorsed.dirs" value="C:\Program Files\Java\jdk1.8.0_281\jre\lib\endorsed"/>
    <property name="java.runtime.name" value="Java(TM) SE Runtime Environment"/>
    <property name="file.encoding" value="Cp1252"/>
    <property name="java.vm.name" value="Java HotSpot(TM) 64-Bit Server VM"/>
    <property name="localRepository" value="C:\Users\rossm\.m2\repository"/>
    <property name="java.vendor.url.bug" value="http://bugreport.sun.com/bugreport/"/>
    <property name="java.io.tmpdir" value="C:\Users\rossm\AppData\Local\Temp\"/>
    <property name="idea.version" value="2020.2.3"/>
    <property name="java.version" value="1.8.0_281"/>
    <property name="user.dir" value="C:\Users\rossm\OneDrive - GMIT\Year 4\Software Eng with Test\Lab-Code\Job-Matching-System"/>
    <property name="os.arch" value="amd64"/>
    <property name="java.vm.specification.name" value="Java Virtual Machine Specification"/>
    <property name="java.awt.printerjob" value="sun.awt.windows.WPrinterJob"/>
    <property name="sun.os.patch.level" value=""/>
    <property name="java.library.path" value="C:\Program Files\Java\jdk1.8.0_281\jre\bin;C:\WINDOWS\Sun\Java\bin;C:\WINDOWS\system32;C:\WINDOWS;C:\Program Files (x86)\Common Files\Oracle\Java\javapath;C:\Python27\;C:\Python27\Scripts;C:\ProgramData\Boxstarter;C:\Program Files\Common Files\Oracle\Java\javapath;C:\WINDOWS\system32;C:\WINDOWS;C:\WINDOWS\System32\Wbem;C:\WINDOWS\System32\WindowsPowerShell\v1.0\;C:\WINDOWS\System32\OpenSSH\;C:\Program Files\Intel\WiFi\bin\;C:\Program Files\Common Files\Intel\WirelessCommon\;C:\Program Files\Git\cmd;C:\Program Files\PuTTY\;C:\nodejs\installs\;C:\ProgramData\chocolatey\bin;;C:\Program Files\Docker\Docker\resources\bin;C:\ProgramData\DockerDesktop\version-bin;C:\WINDOWS\system32;C:\WINDOWS;C:\WINDOWS\System32\Wbem;C:\WINDOWS\System32\WindowsPowerShell\v1.0\;C:\WINDOWS\System32\OpenSSH\;C:\Users\rossm\anaconda3;C:\Users\rossm\anaconda3\Library\mingw-w64\bin;C:\Users\rossm\anaconda3\Library\usr\bin;C:\Users\rossm\anaconda3\Library\bin;C:\Users\rossm\anaconda3\Scripts;C:\Users\rossm\AppData\Local\Programs\Python\Python38\Scripts\;C:\Users\rossm\AppData\Local\Programs\Python\Python38\;C:\Users\rossm\AppData\Local\Microsoft\WindowsApps;C:\Users\rossm\AppData\Local\GitHubDesktop\bin;C:\Users\rossm\AppData\Local\atom\bin;C:\Users\rossm\AppData\Local\Programs\Microsoft VS Code\bin;C:\Users\rossm\esp\.espressif\tools\xtensa-esp32-elf\esp-2020r3-8.4.0\xtensa-esp32-elf\bin;C:\Users\rossm\AppData\Roaming\npm;%USERPROFILE%\AppData\Local\Microsoft\WindowsApps;;."/>
    <property name="java.vm.info" value="mixed mode"/>
    <property name="java.vendor" value="Oracle Corporation"/>
    <property name="java.vm.version" value="25.281-b09"/>
    <property name="java.ext.dirs" value="C:\Program Files\Java\jdk1.8.0_281\jre\lib\ext;C:\WINDOWS\Sun\Java\lib\ext"/>
    <property name="sun.io.unicode.encoding" value="UnicodeLittle"/>
    <property name="java.class.version" value="52.0"/>
  </properties>
  <testcase name="testUserTitlePassMr" classname="ie.gmit.UserTest" time="0.001"/>
  <testcase name="testUserPasswordFailName" classname="ie.gmit.UserTest" time="0.002"/>
  <testcase name="testUserTitlePassMrs" classname="ie.gmit.UserTest" time="0.001"/>
  <testcase name="testUserLocationFail" classname="ie.gmit.UserTest" time="0.001"/>
  <testcase name="testUserLocationPass" classname="ie.gmit.UserTest" time="0.001"/>
  <testcase name="testUserPhoneFail" classname="ie.gmit.UserTest" time="0.001"/>
  <testcase name="testUserPhonePass" classname="ie.gmit.UserTest" time="0"/>
  <testcase name="testUserPasswordPass" classname="ie.gmit.UserTest" time="0"/>
  <testcase name="testUserIdFail" classname="ie.gmit.UserTest" time="0.001"/>
  <testcase name="testUserIdPass" classname="ie.gmit.UserTest" time="0.001"/>
  <testcase name="testUserPasswordFailUnder8" classname="ie.gmit.UserTest" time="0.001"/>
  <testcase name="testUserNameFailOver22" classname="ie.gmit.UserTest" time="0.001"/>
  <testcase name="testUserNameFailUnder5" classname="ie.gmit.UserTest" time="0.002"/>
  <testcase name="testUserEmailFail" classname="ie.gmit.UserTest" time="0.001"/>
  <testcase name="testUserEmailPass" classname="ie.gmit.UserTest" time="0.001"/>
  <testcase name="testUserTitleFail" classname="ie.gmit.UserTest" time="0.001"/>
  <testcase name="testUserTitlePassMiss" classname="ie.gmit.UserTest" time="0"/>
  <testcase name="testUserNamePass" classname="ie.gmit.UserTest" time="0.001"/>
</testsuite>